 =[ history ]========================================================
  $Id: change.log,v 1.5 2001-03-05 14:52:00 zykov Exp $
  ! и √ - испpавлена ошибка
       - небольшое изменение
      ■ - новая возможность
 =[ 01-02-26 v0-0-10 ]================================================
  начинаю вести условную логу
 =[ 01-02-26 v0-0-10-0 ]================================================
  ветка для отладки клапана
 =[ 01-02-26 v0-0-10-1 ]================================================
  ничего не должна делать, кроме установки(неактивно)R_BR
 =[ 01-03-05 v0-0-11 ]================================================
  AVR работает не зависимо от TMS - по включению аналогового питания
  это в части работы блокиривки 30 сек и контроля аварийного давления.
 =[ 01-03-05 v0-0-12 ]================================================
  наличествует ветка в AVR (v0-0-10-0) где будет находится версия для AVR
  "ничегонеделающая" (чтобы настроить датчики давления, проверить работу
  прибора, без "дополнительных ошибок-факторов")
 =[ 01-03-05 v0-0-14 ]================================================
 Введена задержка 3-и сек на включение алгоритма Pressure_less_15_mm.